FastTree Version 2.1.11 SSE3
Alignment: /u/ianchen3/project/output/E1/R0/iter1/magus_200_ft_aln.fasta
Nucleotide distances: Jukes-Cantor Joins: balanced Support: SH-like 1000
Search: Normal +NNI +SPR (2 rounds range 10) +ML-NNI opt-each=1
TopHits: 1.00*sqrtN close=default refresh=0.80
ML Model: Generalized Time-Reversible, CAT approximation with 20 rate categories
      0.16 seconds: Top hits for    124 of    999 seqs (at seed    100)
      0.29 seconds: Top hits for    290 of    999 seqs (at seed    200)
      0.40 seconds: Top hits for    411 of    999 seqs (at seed    300)
      0.51 seconds: Top hits for    560 of    999 seqs (at seed    400)
      0.65 seconds: Top hits for    714 of    999 seqs (at seed    600)
      0.83 seconds: Top hits for    875 of    999 seqs (at seed    800)
      0.95 seconds: Checking top hits for      1 of    999 seqs
      1.10 seconds: Joined    100 of    996
      1.34 seconds: Joined    200 of    996
      1.61 seconds: Joined    300 of    996
      2.08 seconds: Joined    400 of    996
      2.61 seconds: Joined    500 of    996
      3.02 seconds: Joined    600 of    996
      3.41 seconds: Joined    700 of    996
      3.86 seconds: Joined    800 of    996
      4.22 seconds: Joined    900 of    996
Initial topology in 4.46 seconds
Refining topology: 40 rounds ME-NNIs, 2 rounds ME-SPRs, 20 rounds ML-NNIs
      4.45 seconds: ME NNI round 1 of 40, 1 of 997 splits
      4.56 seconds: ME NNI round 1 of 40, 501 of 997 splits, 54 changes (max delta 0.150)
      4.67 seconds: ME NNI round 2 of 40, 1 of 997 splits
      4.77 seconds: ME NNI round 2 of 40, 501 of 997 splits, 13 changes (max delta 0.071)
      4.87 seconds: ME NNI round 3 of 40, 1 of 997 splits
      4.98 seconds: ME NNI round 3 of 40, 501 of 997 splits, 7 changes (max delta 0.029)
      5.45 seconds: SPR round   1 of   2, 101 of 1996 nodes
      5.85 seconds: SPR round   1 of   2, 201 of 1996 nodes
      6.23 seconds: SPR round   1 of   2, 301 of 1996 nodes
      6.60 seconds: SPR round   1 of   2, 401 of 1996 nodes
      6.99 seconds: SPR round   1 of   2, 501 of 1996 nodes
      7.36 seconds: SPR round   1 of   2, 601 of 1996 nodes
      7.76 seconds: SPR round   1 of   2, 701 of 1996 nodes
      8.14 seconds: SPR round   1 of   2, 801 of 1996 nodes
      8.52 seconds: SPR round   1 of   2, 901 of 1996 nodes
      8.93 seconds: SPR round   1 of   2, 1001 of 1996 nodes
      9.34 seconds: SPR round   1 of   2, 1101 of 1996 nodes
      9.71 seconds: SPR round   1 of   2, 1201 of 1996 nodes
     10.05 seconds: SPR round   1 of   2, 1301 of 1996 nodes
     10.45 seconds: SPR round   1 of   2, 1401 of 1996 nodes
     10.82 seconds: SPR round   1 of   2, 1501 of 1996 nodes
     11.23 seconds: SPR round   1 of   2, 1601 of 1996 nodes
     11.57 seconds: SPR round   1 of   2, 1701 of 1996 nodes
     11.95 seconds: SPR round   1 of   2, 1801 of 1996 nodes
     12.37 seconds: SPR round   1 of   2, 1901 of 1996 nodes
     12.75 seconds: ME NNI round 14 of 40, 1 of 997 splits
     12.85 seconds: ME NNI round 14 of 40, 501 of 997 splits, 2 changes (max delta 0.003)
     12.95 seconds: ME NNI round 15 of 40, 1 of 997 splits
     13.05 seconds: ME NNI round 15 of 40, 501 of 997 splits, 0 changes
     13.16 seconds: ME NNI round 16 of 40, 1 of 997 splits
     13.56 seconds: SPR round   2 of   2, 101 of 1996 nodes
     13.96 seconds: SPR round   2 of   2, 201 of 1996 nodes
     14.31 seconds: SPR round   2 of   2, 301 of 1996 nodes
     14.68 seconds: SPR round   2 of   2, 401 of 1996 nodes
     15.06 seconds: SPR round   2 of   2, 501 of 1996 nodes
     15.47 seconds: SPR round   2 of   2, 601 of 1996 nodes
     15.84 seconds: SPR round   2 of   2, 701 of 1996 nodes
     16.21 seconds: SPR round   2 of   2, 801 of 1996 nodes
     16.59 seconds: SPR round   2 of   2, 901 of 1996 nodes
     17.01 seconds: SPR round   2 of   2, 1001 of 1996 nodes
     17.40 seconds: SPR round   2 of   2, 1101 of 1996 nodes
     17.78 seconds: SPR round   2 of   2, 1201 of 1996 nodes
     18.13 seconds: SPR round   2 of   2, 1301 of 1996 nodes
     18.53 seconds: SPR round   2 of   2, 1401 of 1996 nodes
     18.91 seconds: SPR round   2 of   2, 1501 of 1996 nodes
     19.30 seconds: SPR round   2 of   2, 1601 of 1996 nodes
     19.71 seconds: SPR round   2 of   2, 1701 of 1996 nodes
     20.14 seconds: SPR round   2 of   2, 1801 of 1996 nodes
     20.53 seconds: SPR round   2 of   2, 1901 of 1996 nodes
     20.90 seconds: ME NNI round 27 of 40, 1 of 997 splits
     21.01 seconds: ME NNI round 27 of 40, 501 of 997 splits, 0 changes
Total branch-length 398.913 after 21.32 sec
     21.37 seconds: ML Lengths 1 of 997 splits
     21.56 seconds: ML Lengths 101 of 997 splits
     21.75 seconds: ML Lengths 201 of 997 splits
     21.94 seconds: ML Lengths 301 of 997 splits
     22.13 seconds: ML Lengths 401 of 997 splits
     22.32 seconds: ML Lengths 501 of 997 splits
     22.51 seconds: ML Lengths 601 of 997 splits
     22.70 seconds: ML Lengths 701 of 997 splits
     22.89 seconds: ML Lengths 801 of 997 splits
     23.08 seconds: ML Lengths 901 of 997 splits
     23.27 seconds: ML NNI round 1 of 20, 1 of 997 splits
     23.96 seconds: ML NNI round 1 of 20, 101 of 997 splits, 11 changes (max delta 4.407)
     24.64 seconds: ML NNI round 1 of 20, 201 of 997 splits, 22 changes (max delta 4.407)
     25.32 seconds: ML NNI round 1 of 20, 301 of 997 splits, 30 changes (max delta 9.799)
     26.00 seconds: ML NNI round 1 of 20, 401 of 997 splits, 34 changes (max delta 9.799)
     26.71 seconds: ML NNI round 1 of 20, 501 of 997 splits, 46 changes (max delta 9.799)
     27.37 seconds: ML NNI round 1 of 20, 601 of 997 splits, 54 changes (max delta 9.799)
     28.08 seconds: ML NNI round 1 of 20, 701 of 997 splits, 66 changes (max delta 9.799)
     28.75 seconds: ML NNI round 1 of 20, 801 of 997 splits, 72 changes (max delta 9.799)
     29.44 seconds: ML NNI round 1 of 20, 901 of 997 splits, 81 changes (max delta 9.799)
ML-NNI round 1: LogLk = -1053805.248 NNIs 86 max delta 9.80 Time 30.13
     30.13 seconds: Optimizing GTR model, step 1 of 12
     31.03 seconds: Optimizing GTR model, step 2 of 12
     32.00 seconds: Optimizing GTR model, step 3 of 12
     33.20 seconds: Optimizing GTR model, step 4 of 12
     34.02 seconds: Optimizing GTR model, step 5 of 12
     35.89 seconds: Optimizing GTR model, step 7 of 12
     36.56 seconds: Optimizing GTR model, step 8 of 12
     37.31 seconds: Optimizing GTR model, step 9 of 12
     37.99 seconds: Optimizing GTR model, step 10 of 12
     38.66 seconds: Optimizing GTR model, step 11 of 12
     39.34 seconds: Optimizing GTR model, step 12 of 12
GTR Frequencies: 0.2571 0.2428 0.2453 0.2548
GTR rates(ac ag at cg ct gt) 1.2337 2.2787 0.6117 1.2525 2.8212 1.0000
     40.14 seconds: ML Lengths 1 of 997 splits
     40.38 seconds: ML Lengths 101 of 997 splits
     40.61 seconds: ML Lengths 201 of 997 splits
     40.84 seconds: ML Lengths 301 of 997 splits
     41.08 seconds: ML Lengths 401 of 997 splits
     41.31 seconds: ML Lengths 501 of 997 splits
     41.54 seconds: ML Lengths 601 of 997 splits
     41.77 seconds: ML Lengths 701 of 997 splits
     42.00 seconds: ML Lengths 801 of 997 splits
     42.23 seconds: ML Lengths 901 of 997 splits
     42.54 seconds: Site likelihoods with rate category 1 of 20
     42.70 seconds: Site likelihoods with rate category 3 of 20
     42.86 seconds: Site likelihoods with rate category 5 of 20
     43.01 seconds: Site likelihoods with rate category 7 of 20
     43.17 seconds: Site likelihoods with rate category 9 of 20
     43.32 seconds: Site likelihoods with rate category 11 of 20
     43.48 seconds: Site likelihoods with rate category 13 of 20
     43.63 seconds: Site likelihoods with rate category 15 of 20
     43.79 seconds: Site likelihoods with rate category 17 of 20
     43.94 seconds: Site likelihoods with rate category 19 of 20
Switched to using 20 rate categories (CAT approximation)
Rate categories were divided by 0.941 so that average rate = 1.0
CAT-based log-likelihoods may not be comparable across runs
     44.13 seconds: ML NNI round 2 of 20, 1 of 997 splits
     44.67 seconds: ML NNI round 2 of 20, 101 of 997 splits, 10 changes (max delta 2.251)
     45.16 seconds: ML NNI round 2 of 20, 201 of 997 splits, 22 changes (max delta 10.304)
     45.64 seconds: ML NNI round 2 of 20, 301 of 997 splits, 35 changes (max delta 10.304)
     46.06 seconds: ML NNI round 2 of 20, 401 of 997 splits, 40 changes (max delta 10.304)
     46.54 seconds: ML NNI round 2 of 20, 501 of 997 splits, 50 changes (max delta 10.304)
     46.97 seconds: ML NNI round 2 of 20, 601 of 997 splits, 60 changes (max delta 10.304)
     47.50 seconds: ML NNI round 2 of 20, 701 of 997 splits, 72 changes (max delta 10.304)
     48.02 seconds: ML NNI round 2 of 20, 801 of 997 splits, 85 changes (max delta 10.304)
     48.56 seconds: ML NNI round 2 of 20, 901 of 997 splits, 96 changes (max delta 10.304)
ML-NNI round 2: LogLk = -966104.431 NNIs 104 max delta 10.30 Time 49.00
     48.99 seconds: ML NNI round 3 of 20, 1 of 997 splits
     49.56 seconds: ML NNI round 3 of 20, 101 of 997 splits, 2 changes (max delta 0.127)
     50.15 seconds: ML NNI round 3 of 20, 201 of 997 splits, 8 changes (max delta 2.300)
     50.73 seconds: ML NNI round 3 of 20, 301 of 997 splits, 12 changes (max delta 2.300)
     51.31 seconds: ML NNI round 3 of 20, 401 of 997 splits, 20 changes (max delta 12.286)
     51.88 seconds: ML NNI round 3 of 20, 501 of 997 splits, 25 changes (max delta 12.286)
     52.40 seconds: ML NNI round 3 of 20, 601 of 997 splits, 31 changes (max delta 12.286)
ML-NNI round 3: LogLk = -965968.511 NNIs 31 max delta 12.29 Time 52.52
     52.52 seconds: ML NNI round 4 of 20, 1 of 997 splits
     53.02 seconds: ML NNI round 4 of 20, 101 of 997 splits, 1 changes (max delta 0.033)
     53.55 seconds: ML NNI round 4 of 20, 201 of 997 splits, 3 changes (max delta 2.877)
     54.04 seconds: ML NNI round 4 of 20, 301 of 997 splits, 3 changes (max delta 2.877)
     54.60 seconds: ML NNI round 4 of 20, 401 of 997 splits, 8 changes (max delta 2.877)
ML-NNI round 4: LogLk = -965947.810 NNIs 10 max delta 2.88 Time 54.88
     54.87 seconds: ML NNI round 5 of 20, 1 of 997 splits
     55.39 seconds: ML NNI round 5 of 20, 101 of 997 splits, 3 changes (max delta 3.843)
ML-NNI round 5: LogLk = -965942.961 NNIs 3 max delta 3.84 Time 55.58
     55.57 seconds: ML NNI round 6 of 20, 1 of 997 splits
ML-NNI round 6: LogLk = -965941.924 NNIs 1 max delta 0.61 Time 55.93
     55.93 seconds: ML NNI round 7 of 20, 1 of 997 splits
ML-NNI round 7: LogLk = -965941.914 NNIs 0 max delta 0.00 Time 56.13
Turning off heuristics for final round of ML NNIs (converged)
     56.12 seconds: ML NNI round 8 of 20, 1 of 997 splits
     57.03 seconds: ML NNI round 8 of 20, 101 of 997 splits, 1 changes (max delta 1.150)
     57.96 seconds: ML NNI round 8 of 20, 201 of 997 splits, 6 changes (max delta 11.516)
     58.81 seconds: ML NNI round 8 of 20, 301 of 997 splits, 6 changes (max delta 11.516)
     59.71 seconds: ML NNI round 8 of 20, 401 of 997 splits, 6 changes (max delta 11.516)
     60.60 seconds: ML NNI round 8 of 20, 501 of 997 splits, 8 changes (max delta 11.516)
     61.49 seconds: ML NNI round 8 of 20, 601 of 997 splits, 10 changes (max delta 11.516)
     62.38 seconds: ML NNI round 8 of 20, 701 of 997 splits, 10 changes (max delta 11.516)
     63.26 seconds: ML NNI round 8 of 20, 801 of 997 splits, 11 changes (max delta 11.516)
     64.18 seconds: ML NNI round 8 of 20, 901 of 997 splits, 12 changes (max delta 11.516)
ML-NNI round 8: LogLk = -964991.542 NNIs 12 max delta 11.52 Time 65.06 (final)
     65.05 seconds: ML Lengths 1 of 997 splits
     65.28 seconds: ML Lengths 101 of 997 splits
     65.51 seconds: ML Lengths 201 of 997 splits
     65.74 seconds: ML Lengths 301 of 997 splits
     65.96 seconds: ML Lengths 401 of 997 splits
     66.19 seconds: ML Lengths 501 of 997 splits
     66.42 seconds: ML Lengths 601 of 997 splits
     66.65 seconds: ML Lengths 701 of 997 splits
     66.88 seconds: ML Lengths 801 of 997 splits
     67.10 seconds: ML Lengths 901 of 997 splits
Optimize all lengths: LogLk = -964927.815 Time 67.35
     68.40 seconds: ML split tests for    100 of    996 internal splits
     70.44 seconds: ML split tests for    300 of    996 internal splits
     72.48 seconds: ML split tests for    500 of    996 internal splits
     74.52 seconds: ML split tests for    700 of    996 internal splits
     76.56 seconds: ML split tests for    900 of    996 internal splits
     77.71 seconds: Site likelihoods with rate category 2 of 20
     77.87 seconds: Site likelihoods with rate category 4 of 20
     78.03 seconds: Site likelihoods with rate category 6 of 20
     78.19 seconds: Site likelihoods with rate category 8 of 20
     78.35 seconds: Site likelihoods with rate category 10 of 20
     78.51 seconds: Site likelihoods with rate category 12 of 20
     78.66 seconds: Site likelihoods with rate category 14 of 20
     78.82 seconds: Site likelihoods with rate category 16 of 20
     78.98 seconds: Site likelihoods with rate category 18 of 20
     79.14 seconds: Site likelihoods with rate category 20 of 20
Gamma(20) LogLk = -966975.719 alpha = 1.464 rescaling lengths by 1.606
Total time: 79.24 seconds Unique: 999/1000 Bad splits: 0/996
