MAGUS was run with: /u/ianchen3/methods/magus -i /u/ianchen3/project/data/ROSE/1000M1/R0/rose.aln.unalign.fasta -o /u/ianchen3/project/output/E0/MagusAln.fasta
Running a task, output file: /u/ianchen3/project/output/E0/MagusAln.fasta
Aligning sequences /u/ianchen3/project/data/ROSE/1000M1/R0/rose.aln.unalign.fasta
Read 1000 sequences from /u/ianchen3/project/data/ROSE/1000M1/R0/rose.aln.unalign.fasta ..
Building PASTA-style FastTree initial tree on /u/ianchen3/project/data/ROSE/1000M1/R0/rose.aln.unalign.fasta with skeleton size 300..
Running a task, output file: /u/ianchen3/project/output/E0/magus_working_dir/decomposition/initial_tree/initial_align.txt
Running an external tool, command: /u/ianchen3/methods/MAGUS/magus/tools/mafft/mafft --localpair --maxiterate 1000 --ep 0.123 --quiet --thread 64 --anysymbol /u/ianchen3/project/output/E0/magus_working_dir/decomposition/initial_tree/skeleton_sequences.txt > /u/ianchen3/project/output/E0/magus_working_dir/decomposition/initial_tree/temp_initial_align.txt
Completed a task, output file: /u/ianchen3/project/output/E0/magus_working_dir/decomposition/initial_tree/initial_align.txt
Running a task, output file: /u/ianchen3/project/output/E0/magus_working_dir/decomposition/initial_tree/skeleton_hmm/hmm_model.txt
Running an external tool, command: /u/ianchen3/methods/MAGUS/magus/tools/hmmer/hmmbuild --ere 0.59 --cpu 1 --symfrac 0.0 --informat afa /u/ianchen3/project/output/E0/magus_working_dir/decomposition/initial_tree/skeleton_hmm/temp_hmm_model.txt /u/ianchen3/project/output/E0/magus_working_dir/decomposition/initial_tree/initial_align.txt
Completed a task, output file: /u/ianchen3/project/output/E0/magus_working_dir/decomposition/initial_tree/skeleton_hmm/hmm_model.txt
Read 700 sequences from /u/ianchen3/project/output/E0/magus_working_dir/decomposition/initial_tree/queries.txt ..
Running a task, output file: /u/ianchen3/project/output/E0/magus_working_dir/decomposition/initial_tree/chunks_queries/queries_chunk_1_aligned.txt
Running an external tool, command: /u/ianchen3/methods/MAGUS/magus/tools/hmmer/hmmalign -o /u/ianchen3/project/output/E0/magus_working_dir/decomposition/initial_tree/chunks_queries/temp_queries_chunk_1_aligned.txt /u/ianchen3/project/output/E0/magus_working_dir/decomposition/initial_tree/skeleton_hmm/hmm_model.txt /u/ianchen3/project/output/E0/magus_working_dir/decomposition/initial_tree/chunks_queries/queries_chunk_1.txt
Completed a task, output file: /u/ianchen3/project/output/E0/magus_working_dir/decomposition/initial_tree/chunks_queries/queries_chunk_1_aligned.txt
Read 1000 sequences from /u/ianchen3/project/output/E0/magus_working_dir/decomposition/initial_tree/initial_align.txt ..
Found 100% ACGT-N, assuming DNA..
Data type wasn't specified. Inferred data type DNA from /u/ianchen3/project/output/E0/magus_working_dir/decomposition/initial_tree/initial_align.txt
Running a task, output file: /u/ianchen3/project/output/E0/magus_working_dir/decomposition/initial_tree/initial_tree.tre
Running an external tool, command: /u/ianchen3/methods/MAGUS/magus/tools/fasttree/FastTreeMP -nt -gtr -fastest -nosupport /u/ianchen3/project/output/E0/magus_working_dir/decomposition/initial_tree/initial_align.txt > /u/ianchen3/project/output/E0/magus_working_dir/decomposition/initial_tree/temp_initial_tree.tre
Completed a task, output file: /u/ianchen3/project/output/E0/magus_working_dir/decomposition/initial_tree/initial_tree.tre
Built initial tree on /u/ianchen3/project/data/ROSE/1000M1/R0/rose.aln.unalign.fasta in 968.3094668388367 sec..
Using target subset size of 50, and maximum number of subsets 25..
Read 1000 sequences from /u/ianchen3/project/data/ROSE/1000M1/R0/rose.aln.unalign.fasta ..
Decomposing a tree with 1000 leaves into 591 and 409..
Decomposing a tree with 591 leaves into 310 and 281..
Decomposing a tree with 409 leaves into 193 and 216..
Decomposing a tree with 310 leaves into 137 and 173..
Decomposing a tree with 281 leaves into 149 and 132..
Decomposing a tree with 216 leaves into 116 and 100..
Decomposing a tree with 193 leaves into 107 and 86..
Decomposing a tree with 173 leaves into 96 and 77..
Decomposing a tree with 149 leaves into 73 and 76..
Decomposing a tree with 137 leaves into 50 and 87..
Decomposing a tree with 132 leaves into 69 and 63..
Decomposing a tree with 116 leaves into 55 and 61..
Decomposing a tree with 107 leaves into 63 and 44..
Decomposing a tree with 100 leaves into 49 and 51..
Decomposing a tree with 96 leaves into 59 and 37..
Decomposing a tree with 87 leaves into 38 and 49..
Decomposing a tree with 86 leaves into 35 and 51..
Decomposing a tree with 77 leaves into 34 and 43..
Decomposing a tree with 76 leaves into 34 and 42..
Decomposing a tree with 73 leaves into 35 and 38..
Decomposing a tree with 69 leaves into 30 and 39..
Decomposing a tree with 63 leaves into 33 and 30..
Decomposing a tree with 63 leaves into 33 and 30..
Decomposing a tree with 61 leaves into 35 and 26..
Decomposed /u/ianchen3/project/data/ROSE/1000M1/R0/rose.aln.unalign.fasta into 25 subsets in 968.5069096088409 sec..
Building 25 subalignments..
Read 50 sequences from /u/ianchen3/project/output/E0/magus_working_dir/decomposition/subset_1.txt ..
Subset has 50/200 sequences, aligning with MAFFT..
Read 55 sequences from /u/ianchen3/project/output/E0/magus_working_dir/decomposition/subset_2.txt ..
Subset has 55/200 sequences, aligning with MAFFT..
Read 44 sequences from /u/ianchen3/project/output/E0/magus_working_dir/decomposition/subset_3.txt ..
Subset has 44/200 sequences, aligning with MAFFT..
Read 49 sequences from /u/ianchen3/project/output/E0/magus_working_dir/decomposition/subset_4.txt ..
Subset has 49/200 sequences, aligning with MAFFT..
Read 51 sequences from /u/ianchen3/project/output/E0/magus_working_dir/decomposition/subset_5.txt ..
Subset has 51/200 sequences, aligning with MAFFT..
Read 59 sequences from /u/ianchen3/project/output/E0/magus_working_dir/decomposition/subset_6.txt ..
Subset has 59/200 sequences, aligning with MAFFT..
Read 37 sequences from /u/ianchen3/project/output/E0/magus_working_dir/decomposition/subset_7.txt ..
Subset has 37/200 sequences, aligning with MAFFT..
Read 38 sequences from /u/ianchen3/project/output/E0/magus_working_dir/decomposition/subset_8.txt ..
Subset has 38/200 sequences, aligning with MAFFT..
Read 49 sequences from /u/ianchen3/project/output/E0/magus_working_dir/decomposition/subset_9.txt ..
Subset has 49/200 sequences, aligning with MAFFT..
Read 35 sequences from /u/ianchen3/project/output/E0/magus_working_dir/decomposition/subset_10.txt ..
Subset has 35/200 sequences, aligning with MAFFT..
Read 51 sequences from /u/ianchen3/project/output/E0/magus_working_dir/decomposition/subset_11.txt ..
Subset has 51/200 sequences, aligning with MAFFT..
Read 34 sequences from /u/ianchen3/project/output/E0/magus_working_dir/decomposition/subset_12.txt ..
Subset has 34/200 sequences, aligning with MAFFT..
Read 43 sequences from /u/ianchen3/project/output/E0/magus_working_dir/decomposition/subset_13.txt ..
Subset has 43/200 sequences, aligning with MAFFT..
Read 34 sequences from /u/ianchen3/project/output/E0/magus_working_dir/decomposition/subset_14.txt ..
Subset has 34/200 sequences, aligning with MAFFT..
Read 42 sequences from /u/ianchen3/project/output/E0/magus_working_dir/decomposition/subset_15.txt ..
Subset has 42/200 sequences, aligning with MAFFT..
Read 35 sequences from /u/ianchen3/project/output/E0/magus_working_dir/decomposition/subset_16.txt ..
Subset has 35/200 sequences, aligning with MAFFT..
Read 38 sequences from /u/ianchen3/project/output/E0/magus_working_dir/decomposition/subset_17.txt ..
Subset has 38/200 sequences, aligning with MAFFT..
Read 30 sequences from /u/ianchen3/project/output/E0/magus_working_dir/decomposition/subset_18.txt ..
Subset has 30/200 sequences, aligning with MAFFT..
Read 39 sequences from /u/ianchen3/project/output/E0/magus_working_dir/decomposition/subset_19.txt ..
Subset has 39/200 sequences, aligning with MAFFT..
Read 33 sequences from /u/ianchen3/project/output/E0/magus_working_dir/decomposition/subset_20.txt ..
Subset has 33/200 sequences, aligning with MAFFT..
Read 30 sequences from /u/ianchen3/project/output/E0/magus_working_dir/decomposition/subset_21.txt ..
Subset has 30/200 sequences, aligning with MAFFT..
Read 33 sequences from /u/ianchen3/project/output/E0/magus_working_dir/decomposition/subset_22.txt ..
Subset has 33/200 sequences, aligning with MAFFT..
Read 30 sequences from /u/ianchen3/project/output/E0/magus_working_dir/decomposition/subset_23.txt ..
Subset has 30/200 sequences, aligning with MAFFT..
Read 35 sequences from /u/ianchen3/project/output/E0/magus_working_dir/decomposition/subset_24.txt ..
Subset has 35/200 sequences, aligning with MAFFT..
Read 26 sequences from /u/ianchen3/project/output/E0/magus_working_dir/decomposition/subset_25.txt ..
Subset has 26/200 sequences, aligning with MAFFT..
Prepared 25 subset alignment tasks..
Merging 25 subaligments..
Read 50 sequences from /u/ianchen3/project/output/E0/magus_working_dir/decomposition/subset_1.txt ..
Read 55 sequences from /u/ianchen3/project/output/E0/magus_working_dir/decomposition/subset_2.txt ..
Read 44 sequences from /u/ianchen3/project/output/E0/magus_working_dir/decomposition/subset_3.txt ..
Read 49 sequences from /u/ianchen3/project/output/E0/magus_working_dir/decomposition/subset_4.txt ..
Read 51 sequences from /u/ianchen3/project/output/E0/magus_working_dir/decomposition/subset_5.txt ..
Read 59 sequences from /u/ianchen3/project/output/E0/magus_working_dir/decomposition/subset_6.txt ..
Read 37 sequences from /u/ianchen3/project/output/E0/magus_working_dir/decomposition/subset_7.txt ..
Read 38 sequences from /u/ianchen3/project/output/E0/magus_working_dir/decomposition/subset_8.txt ..
Read 49 sequences from /u/ianchen3/project/output/E0/magus_working_dir/decomposition/subset_9.txt ..
Running a task, output file: /u/ianchen3/project/output/E0/magus_working_dir/subalignments/subalignment_subset_4.txt
Read 35 sequences from /u/ianchen3/project/output/E0/magus_working_dir/decomposition/subset_10.txt ..
Read 51 sequences from /u/ianchen3/project/output/E0/magus_working_dir/decomposition/subset_11.txt ..
Read 34 sequences from /u/ianchen3/project/output/E0/magus_working_dir/decomposition/subset_12.txt ..
Read 43 sequences from /u/ianchen3/project/output/E0/magus_working_dir/decomposition/subset_13.txt ..
Read 34 sequences from /u/ianchen3/project/output/E0/magus_working_dir/decomposition/subset_14.txt ..
Running an external tool, command: /u/ianchen3/methods/MAGUS/magus/tools/mafft/mafft --localpair --maxiterate 1000 --ep 0.123 --quiet --thread 64 --anysymbol /u/ianchen3/project/output/E0/magus_working_dir/decomposition/subset_4.txt > /u/ianchen3/project/output/E0/magus_working_dir/subalignments/temp_subalignment_subset_4.txt
Read 42 sequences from /u/ianchen3/project/output/E0/magus_working_dir/decomposition/subset_15.txt ..
Read 35 sequences from /u/ianchen3/project/output/E0/magus_working_dir/decomposition/subset_16.txt ..
Read 38 sequences from /u/ianchen3/project/output/E0/magus_working_dir/decomposition/subset_17.txt ..
Read 30 sequences from /u/ianchen3/project/output/E0/magus_working_dir/decomposition/subset_18.txt ..
Read 39 sequences from /u/ianchen3/project/output/E0/magus_working_dir/decomposition/subset_19.txt ..
Read 33 sequences from /u/ianchen3/project/output/E0/magus_working_dir/decomposition/subset_20.txt ..
Read 30 sequences from /u/ianchen3/project/output/E0/magus_working_dir/decomposition/subset_21.txt ..
Read 33 sequences from /u/ianchen3/project/output/E0/magus_working_dir/decomposition/subset_22.txt ..
Read 30 sequences from /u/ianchen3/project/output/E0/magus_working_dir/decomposition/subset_23.txt ..
Read 35 sequences from /u/ianchen3/project/output/E0/magus_working_dir/decomposition/subset_24.txt ..
Read 26 sequences from /u/ianchen3/project/output/E0/magus_working_dir/decomposition/subset_25.txt ..
Using 10 MAFFT backbones..
Running a task, output file: /u/ianchen3/project/output/E0/magus_working_dir/graph/backbone_6_mafft.txt
Running an external tool, command: /u/ianchen3/methods/MAGUS/magus/tools/mafft/mafft --localpair --maxiterate 1000 --ep 0.123 --quiet --thread 64 --anysymbol /u/ianchen3/project/output/E0/magus_working_dir/graph/backbone_6_unalign.txt > /u/ianchen3/project/output/E0/magus_working_dir/graph/temp_backbone_6_mafft.txt
Running a task, output file: /u/ianchen3/project/output/E0/magus_working_dir/subalignments/subalignment_subset_12.txt
Running an external tool, command: /u/ianchen3/methods/MAGUS/magus/tools/mafft/mafft --localpair --maxiterate 1000 --ep 0.123 --quiet --thread 64 --anysymbol /u/ianchen3/project/output/E0/magus_working_dir/decomposition/subset_12.txt > /u/ianchen3/project/output/E0/magus_working_dir/subalignments/temp_subalignment_subset_12.txt
Running a task, output file: /u/ianchen3/project/output/E0/magus_working_dir/graph/backbone_7_mafft.txt
Running an external tool, command: /u/ianchen3/methods/MAGUS/magus/tools/mafft/mafft --localpair --maxiterate 1000 --ep 0.123 --quiet --thread 64 --anysymbol /u/ianchen3/project/output/E0/magus_working_dir/graph/backbone_7_unalign.txt > /u/ianchen3/project/output/E0/magus_working_dir/graph/temp_backbone_7_mafft.txt
Running a task, output file: /u/ianchen3/project/output/E0/magus_working_dir/subalignments/subalignment_subset_6.txt
Running an external tool, command: /u/ianchen3/methods/MAGUS/magus/tools/mafft/mafft --localpair --maxiterate 1000 --ep 0.123 --quiet --thread 64 --anysymbol /u/ianchen3/project/output/E0/magus_working_dir/decomposition/subset_6.txt > /u/ianchen3/project/output/E0/magus_working_dir/subalignments/temp_subalignment_subset_6.txt
Running a task, output file: /u/ianchen3/project/output/E0/magus_working_dir/subalignments/subalignment_subset_2.txt
Running an external tool, command: /u/ianchen3/methods/MAGUS/magus/tools/mafft/mafft --localpair --maxiterate 1000 --ep 0.123 --quiet --thread 64 --anysymbol /u/ianchen3/project/output/E0/magus_working_dir/decomposition/subset_2.txt > /u/ianchen3/project/output/E0/magus_working_dir/subalignments/temp_subalignment_subset_2.txt
Running a task, output file: /u/ianchen3/project/output/E0/magus_working_dir/graph/backbone_1_mafft.txt
Running an external tool, command: /u/ianchen3/methods/MAGUS/magus/tools/mafft/mafft --localpair --maxiterate 1000 --ep 0.123 --quiet --thread 64 --anysymbol /u/ianchen3/project/output/E0/magus_working_dir/graph/backbone_1_unalign.txt > /u/ianchen3/project/output/E0/magus_working_dir/graph/temp_backbone_1_mafft.txt
Running a task, output file: /u/ianchen3/project/output/E0/magus_working_dir/subalignments/subalignment_subset_3.txt
Running an external tool, command: /u/ianchen3/methods/MAGUS/magus/tools/mafft/mafft --localpair --maxiterate 1000 --ep 0.123 --quiet --thread 64 --anysymbol /u/ianchen3/project/output/E0/magus_working_dir/decomposition/subset_3.txt > /u/ianchen3/project/output/E0/magus_working_dir/subalignments/temp_subalignment_subset_3.txt
Running a task, output file: /u/ianchen3/project/output/E0/magus_working_dir/subalignments/subalignment_subset_9.txt
Running an external tool, command: /u/ianchen3/methods/MAGUS/magus/tools/mafft/mafft --localpair --maxiterate 1000 --ep 0.123 --quiet --thread 64 --anysymbol /u/ianchen3/project/output/E0/magus_working_dir/decomposition/subset_9.txt > /u/ianchen3/project/output/E0/magus_working_dir/subalignments/temp_subalignment_subset_9.txt
Running a task, output file: /u/ianchen3/project/output/E0/magus_working_dir/graph/backbone_4_mafft.txt
Running an external tool, command: /u/ianchen3/methods/MAGUS/magus/tools/mafft/mafft --localpair --maxiterate 1000 --ep 0.123 --quiet --thread 64 --anysymbol /u/ianchen3/project/output/E0/magus_working_dir/graph/backbone_4_unalign.txt > /u/ianchen3/project/output/E0/magus_working_dir/graph/temp_backbone_4_mafft.txt
Running a task, output file: /u/ianchen3/project/output/E0/magus_working_dir/graph/backbone_3_mafft.txt
Running an external tool, command: /u/ianchen3/methods/MAGUS/magus/tools/mafft/mafft --localpair --maxiterate 1000 --ep 0.123 --quiet --thread 64 --anysymbol /u/ianchen3/project/output/E0/magus_working_dir/graph/backbone_3_unalign.txt > /u/ianchen3/project/output/E0/magus_working_dir/graph/temp_backbone_3_mafft.txt
Command encountered error: /u/ianchen3/methods/MAGUS/magus/tools/mafft/mafft --localpair --maxiterate 1000 --ep 0.123 --quiet --thread 64 --anysymbol /u/ianchen3/project/output/E0/magus_working_dir/graph/backbone_6_unalign.txt > /u/ianchen3/project/output/E0/magus_working_dir/graph/temp_backbone_6_mafft.txt
Exit code: 1
Output: /u/ianchen3/methods/MAGUS/magus/tools/mafft/mafftdir/bin/mafft: line 2719: 1594693 Killed                  "$prefix/tbfast" _ -u $unalignlevel $localparam -C $numthreads $seqtype $model -g $lexp -f $lgop -Q $spfactor -h $laof -L $usenaivepairscore $focusarg _ -+ $iterate -W $minimumweight -V "-"$gopdist -s $unalignlevel $legacygapopt $mergearg $termgapopt $outnum $addarg $add2ndhalfarg -C $numthreadstb $rnaopt $weightopt $treeinopt $treeoutopt $distoutopt $seqtype $model -f "-"$gop -Q $spfactor -h $aof $param_fft $localparam $algopt $treealg $scoreoutarg $focusarg < infile > /dev/null 2>> "$progressfile"

Task for /u/ianchen3/project/output/E0/magus_working_dir/graph/backbone_6_mafft.txt threw an exception:
Command '/u/ianchen3/methods/MAGUS/magus/tools/mafft/mafft --localpair --maxiterate 1000 --ep 0.123 --quiet --thread 64 --anysymbol /u/ianchen3/project/output/E0/magus_working_dir/graph/backbone_6_unalign.txt > /u/ianchen3/project/output/E0/magus_working_dir/graph/temp_backbone_6_mafft.txt' returned non-zero exit status 1.
Traceback (most recent call last):
  File "/u/ianchen3/methods/MAGUS/magus/tasks/task.py", line 59, in run
    func(**self.taskArgs)
  File "/u/ianchen3/methods/MAGUS/magus/tools/external_tools.py", line 19, in runCommand
    runner.check_returncode()
  File "/usr/lib64/python3.9/subprocess.py", line 460, in check_returncode
    raise CalledProcessError(self.returncode, self.args, self.stdout,
subprocess.CalledProcessError: Command '/u/ianchen3/methods/MAGUS/magus/tools/mafft/mafft --localpair --maxiterate 1000 --ep 0.123 --quiet --thread 64 --anysymbol /u/ianchen3/project/output/E0/magus_working_dir/graph/backbone_6_unalign.txt > /u/ianchen3/project/output/E0/magus_working_dir/graph/temp_backbone_6_mafft.txt' returned non-zero exit status 1.

Task manager found a failed task: /u/ianchen3/project/output/E0/magus_working_dir/graph/backbone_6_mafft.txt
Task manager is dead for some reason..
Task for /u/ianchen3/project/output/E0/MagusAln.fasta threw an exception:
Command '/u/ianchen3/methods/MAGUS/magus/tools/mafft/mafft --localpair --maxiterate 1000 --ep 0.123 --quiet --thread 64 --anysymbol /u/ianchen3/project/output/E0/magus_working_dir/graph/backbone_6_unalign.txt > /u/ianchen3/project/output/E0/magus_working_dir/graph/temp_backbone_6_mafft.txt' returned non-zero exit status 1.
Running a task, output file: /u/ianchen3/project/output/E0/magus_working_dir/graph/backbone_10_mafft.txt
Running an external tool, command: /u/ianchen3/methods/MAGUS/magus/tools/mafft/mafft --localpair --maxiterate 1000 --ep 0.123 --quiet --thread 64 --anysymbol /u/ianchen3/project/output/E0/magus_working_dir/graph/backbone_10_unalign.txt > /u/ianchen3/project/output/E0/magus_working_dir/graph/temp_backbone_10_mafft.txt
Traceback (most recent call last):
  File "/u/ianchen3/methods/MAGUS/magus/tasks/task.py", line 59, in run
    func(**self.taskArgs)
  File "/u/ianchen3/methods/MAGUS/magus/align/aligner.py", line 52, in runAlignmentTask
    mergeSubalignments(context)
  File "/u/ianchen3/methods/MAGUS/magus/align/merge/merger.py", line 23, in mergeSubalignments
    buildGraph(context)
  File "/u/ianchen3/methods/MAGUS/magus/align/merge/graph_build/graph_builder.py", line 37, in buildGraph
    context.awaitSubalignments()
  File "/u/ianchen3/methods/MAGUS/magus/align/alignment_context.py", line 52, in awaitSubalignments
    task.awaitTasks(self.subalignmentTasks)
  File "/u/ianchen3/methods/MAGUS/magus/tasks/task.py", line 94, in awaitTasks
    controller.awaitTasks(tasks)
  File "/u/ianchen3/methods/MAGUS/magus/tasks/controller.py", line 34, in awaitTasks
    observeTaskManager()
  File "/u/ianchen3/methods/MAGUS/magus/tasks/controller.py", line 50, in observeTaskManager
    checkTaskManager()
  File "/u/ianchen3/methods/MAGUS/magus/tasks/controller.py", line 60, in checkTaskManager
    TaskManager.managerFuture.result()
  File "/usr/lib64/python3.9/concurrent/futures/_base.py", line 439, in result
    return self.__get_result()
  File "/usr/lib64/python3.9/concurrent/futures/_base.py", line 391, in __get_result
    raise self._exception
  File "/usr/lib64/python3.9/concurrent/futures/thread.py", line 58, in run
    result = self.fn(*self.args, **self.kwargs)
  File "/u/ianchen3/methods/MAGUS/magus/tasks/manager.py", line 83, in runTaskManager
    dealWithErrors()
  File "/u/ianchen3/methods/MAGUS/magus/tasks/manager.py", line 96, in dealWithErrors
    task.future.result()
  File "/usr/lib64/python3.9/concurrent/futures/_base.py", line 439, in result
    return self.__get_result()
  File "/usr/lib64/python3.9/concurrent/futures/_base.py", line 391, in __get_result
    raise self._exception
  File "/usr/lib64/python3.9/concurrent/futures/thread.py", line 58, in run
    result = self.fn(*self.args, **self.kwargs)
  File "/u/ianchen3/methods/MAGUS/magus/tasks/manager.py", line 220, in runTask
    task.run()
  File "/u/ianchen3/methods/MAGUS/magus/tasks/task.py", line 59, in run
    func(**self.taskArgs)
  File "/u/ianchen3/methods/MAGUS/magus/tools/external_tools.py", line 19, in runCommand
    runner.check_returncode()
  File "/usr/lib64/python3.9/subprocess.py", line 460, in check_returncode
    raise CalledProcessError(self.returncode, self.args, self.stdout,
subprocess.CalledProcessError: Command '/u/ianchen3/methods/MAGUS/magus/tools/mafft/mafft --localpair --maxiterate 1000 --ep 0.123 --quiet --thread 64 --anysymbol /u/ianchen3/project/output/E0/magus_working_dir/graph/backbone_6_unalign.txt > /u/ianchen3/project/output/E0/magus_working_dir/graph/temp_backbone_6_mafft.txt' returned non-zero exit status 1.

MAGUS aborted with an exception..
Traceback (most recent call last):
  File "/u/ianchen3/methods/magus", line 37, in main
    mainAlignmentTask()
  File "/u/ianchen3/methods/MAGUS/magus/align/aligner.py", line 30, in mainAlignmentTask
    task.awaitTask()
  File "/u/ianchen3/methods/MAGUS/magus/tasks/task.py", line 47, in awaitTask
    awaitTasks([self])
  File "/u/ianchen3/methods/MAGUS/magus/tasks/task.py", line 94, in awaitTasks
    controller.awaitTasks(tasks)
  File "/u/ianchen3/methods/MAGUS/magus/tasks/controller.py", line 34, in awaitTasks
    observeTaskManager()
  File "/u/ianchen3/methods/MAGUS/magus/tasks/controller.py", line 53, in observeTaskManager
    runTask(task)
  File "/u/ianchen3/methods/MAGUS/magus/tasks/manager.py", line 220, in runTask
    task.run()
  File "/u/ianchen3/methods/MAGUS/magus/tasks/task.py", line 59, in run
    func(**self.taskArgs)
  File "/u/ianchen3/methods/MAGUS/magus/align/aligner.py", line 52, in runAlignmentTask
    mergeSubalignments(context)
  File "/u/ianchen3/methods/MAGUS/magus/align/merge/merger.py", line 23, in mergeSubalignments
    buildGraph(context)
  File "/u/ianchen3/methods/MAGUS/magus/align/merge/graph_build/graph_builder.py", line 37, in buildGraph
    context.awaitSubalignments()
  File "/u/ianchen3/methods/MAGUS/magus/align/alignment_context.py", line 52, in awaitSubalignments
    task.awaitTasks(self.subalignmentTasks)
  File "/u/ianchen3/methods/MAGUS/magus/tasks/task.py", line 94, in awaitTasks
    controller.awaitTasks(tasks)
  File "/u/ianchen3/methods/MAGUS/magus/tasks/controller.py", line 34, in awaitTasks
    observeTaskManager()
  File "/u/ianchen3/methods/MAGUS/magus/tasks/controller.py", line 50, in observeTaskManager
    checkTaskManager()
  File "/u/ianchen3/methods/MAGUS/magus/tasks/controller.py", line 60, in checkTaskManager
    TaskManager.managerFuture.result()
  File "/usr/lib64/python3.9/concurrent/futures/_base.py", line 439, in result
    return self.__get_result()
  File "/usr/lib64/python3.9/concurrent/futures/_base.py", line 391, in __get_result
    raise self._exception
  File "/usr/lib64/python3.9/concurrent/futures/thread.py", line 58, in run
    result = self.fn(*self.args, **self.kwargs)
  File "/u/ianchen3/methods/MAGUS/magus/tasks/manager.py", line 83, in runTaskManager
    dealWithErrors()
  File "/u/ianchen3/methods/MAGUS/magus/tasks/manager.py", line 96, in dealWithErrors
    task.future.result()
  File "/usr/lib64/python3.9/concurrent/futures/_base.py", line 439, in result
    return self.__get_result()
  File "/usr/lib64/python3.9/concurrent/futures/_base.py", line 391, in __get_result
    raise self._exception
  File "/usr/lib64/python3.9/concurrent/futures/thread.py", line 58, in run
    result = self.fn(*self.args, **self.kwargs)
  File "/u/ianchen3/methods/MAGUS/magus/tasks/manager.py", line 220, in runTask
    task.run()
  File "/u/ianchen3/methods/MAGUS/magus/tasks/task.py", line 59, in run
    func(**self.taskArgs)
  File "/u/ianchen3/methods/MAGUS/magus/tools/external_tools.py", line 19, in runCommand
    runner.check_returncode()
  File "/usr/lib64/python3.9/subprocess.py", line 460, in check_returncode
    raise CalledProcessError(self.returncode, self.args, self.stdout,
subprocess.CalledProcessError: Command '/u/ianchen3/methods/MAGUS/magus/tools/mafft/mafft --localpair --maxiterate 1000 --ep 0.123 --quiet --thread 64 --anysymbol /u/ianchen3/project/output/E0/magus_working_dir/graph/backbone_6_unalign.txt > /u/ianchen3/project/output/E0/magus_working_dir/graph/temp_backbone_6_mafft.txt' returned non-zero exit status 1.

Waiting for 11 tasks to finish..
Command encountered error: /u/ianchen3/methods/MAGUS/magus/tools/mafft/mafft --localpair --maxiterate 1000 --ep 0.123 --quiet --thread 64 --anysymbol /u/ianchen3/project/output/E0/magus_working_dir/graph/backbone_7_unalign.txt > /u/ianchen3/project/output/E0/magus_working_dir/graph/temp_backbone_7_mafft.txt
Exit code: 1
Output: /u/ianchen3/methods/MAGUS/magus/tools/mafft/mafftdir/bin/mafft: line 2719: 1598825 Killed                  "$prefix/tbfast" _ -u $unalignlevel $localparam -C $numthreads $seqtype $model -g $lexp -f $lgop -Q $spfactor -h $laof -L $usenaivepairscore $focusarg _ -+ $iterate -W $minimumweight -V "-"$gopdist -s $unalignlevel $legacygapopt $mergearg $termgapopt $outnum $addarg $add2ndhalfarg -C $numthreadstb $rnaopt $weightopt $treeinopt $treeoutopt $distoutopt $seqtype $model -f "-"$gop -Q $spfactor -h $aof $param_fft $localparam $algopt $treealg $scoreoutarg $focusarg < infile > /dev/null 2>> "$progressfile"

Task for /u/ianchen3/project/output/E0/magus_working_dir/graph/backbone_7_mafft.txt threw an exception:
Command '/u/ianchen3/methods/MAGUS/magus/tools/mafft/mafft --localpair --maxiterate 1000 --ep 0.123 --quiet --thread 64 --anysymbol /u/ianchen3/project/output/E0/magus_working_dir/graph/backbone_7_unalign.txt > /u/ianchen3/project/output/E0/magus_working_dir/graph/temp_backbone_7_mafft.txt' returned non-zero exit status 1.
Traceback (most recent call last):
  File "/u/ianchen3/methods/MAGUS/magus/tasks/task.py", line 59, in run
    func(**self.taskArgs)
  File "/u/ianchen3/methods/MAGUS/magus/tools/external_tools.py", line 19, in runCommand
    runner.check_returncode()
  File "/usr/lib64/python3.9/subprocess.py", line 460, in check_returncode
    raise CalledProcessError(self.returncode, self.args, self.stdout,
subprocess.CalledProcessError: Command '/u/ianchen3/methods/MAGUS/magus/tools/mafft/mafft --localpair --maxiterate 1000 --ep 0.123 --quiet --thread 64 --anysymbol /u/ianchen3/project/output/E0/magus_working_dir/graph/backbone_7_unalign.txt > /u/ianchen3/project/output/E0/magus_working_dir/graph/temp_backbone_7_mafft.txt' returned non-zero exit status 1.

Command encountered error: /u/ianchen3/methods/MAGUS/magus/tools/mafft/mafft --localpair --maxiterate 1000 --ep 0.123 --quiet --thread 64 --anysymbol /u/ianchen3/project/output/E0/magus_working_dir/graph/backbone_4_unalign.txt > /u/ianchen3/project/output/E0/magus_working_dir/graph/temp_backbone_4_mafft.txt
Exit code: 1
Output: /u/ianchen3/methods/MAGUS/magus/tools/mafft/mafftdir/bin/mafft: line 2719: 1599595 Killed                  "$prefix/tbfast" _ -u $unalignlevel $localparam -C $numthreads $seqtype $model -g $lexp -f $lgop -Q $spfactor -h $laof -L $usenaivepairscore $focusarg _ -+ $iterate -W $minimumweight -V "-"$gopdist -s $unalignlevel $legacygapopt $mergearg $termgapopt $outnum $addarg $add2ndhalfarg -C $numthreadstb $rnaopt $weightopt $treeinopt $treeoutopt $distoutopt $seqtype $model -f "-"$gop -Q $spfactor -h $aof $param_fft $localparam $algopt $treealg $scoreoutarg $focusarg < infile > /dev/null 2>> "$progressfile"

Task for /u/ianchen3/project/output/E0/magus_working_dir/graph/backbone_4_mafft.txt threw an exception:
Command '/u/ianchen3/methods/MAGUS/magus/tools/mafft/mafft --localpair --maxiterate 1000 --ep 0.123 --quiet --thread 64 --anysymbol /u/ianchen3/project/output/E0/magus_working_dir/graph/backbone_4_unalign.txt > /u/ianchen3/project/output/E0/magus_working_dir/graph/temp_backbone_4_mafft.txt' returned non-zero exit status 1.
Traceback (most recent call last):
  File "/u/ianchen3/methods/MAGUS/magus/tasks/task.py", line 59, in run
    func(**self.taskArgs)
  File "/u/ianchen3/methods/MAGUS/magus/tools/external_tools.py", line 19, in runCommand
    runner.check_returncode()
  File "/usr/lib64/python3.9/subprocess.py", line 460, in check_returncode
    raise CalledProcessError(self.returncode, self.args, self.stdout,
subprocess.CalledProcessError: Command '/u/ianchen3/methods/MAGUS/magus/tools/mafft/mafft --localpair --maxiterate 1000 --ep 0.123 --quiet --thread 64 --anysymbol /u/ianchen3/project/output/E0/magus_working_dir/graph/backbone_4_unalign.txt > /u/ianchen3/project/output/E0/magus_working_dir/graph/temp_backbone_4_mafft.txt' returned non-zero exit status 1.

Command encountered error: /u/ianchen3/methods/MAGUS/magus/tools/mafft/mafft --localpair --maxiterate 1000 --ep 0.123 --quiet --thread 64 --anysymbol /u/ianchen3/project/output/E0/magus_working_dir/decomposition/subset_9.txt > /u/ianchen3/project/output/E0/magus_working_dir/subalignments/temp_subalignment_subset_9.txt
Exit code: 1
Output: /u/ianchen3/methods/MAGUS/magus/tools/mafft/mafftdir/bin/mafft: line 2719: 1599467 Killed                  "$prefix/tbfast" _ -u $unalignlevel $localparam -C $numthreads $seqtype $model -g $lexp -f $lgop -Q $spfactor -h $laof -L $usenaivepairscore $focusarg _ -+ $iterate -W $minimumweight -V "-"$gopdist -s $unalignlevel $legacygapopt $mergearg $termgapopt $outnum $addarg $add2ndhalfarg -C $numthreadstb $rnaopt $weightopt $treeinopt $treeoutopt $distoutopt $seqtype $model -f "-"$gop -Q $spfactor -h $aof $param_fft $localparam $algopt $treealg $scoreoutarg $focusarg < infile > /dev/null 2>> "$progressfile"

Task for /u/ianchen3/project/output/E0/magus_working_dir/subalignments/subalignment_subset_9.txt threw an exception:
Command '/u/ianchen3/methods/MAGUS/magus/tools/mafft/mafft --localpair --maxiterate 1000 --ep 0.123 --quiet --thread 64 --anysymbol /u/ianchen3/project/output/E0/magus_working_dir/decomposition/subset_9.txt > /u/ianchen3/project/output/E0/magus_working_dir/subalignments/temp_subalignment_subset_9.txt' returned non-zero exit status 1.
Traceback (most recent call last):
  File "/u/ianchen3/methods/MAGUS/magus/tasks/task.py", line 59, in run
    func(**self.taskArgs)
  File "/u/ianchen3/methods/MAGUS/magus/tools/external_tools.py", line 19, in runCommand
    runner.check_returncode()
  File "/usr/lib64/python3.9/subprocess.py", line 460, in check_returncode
    raise CalledProcessError(self.returncode, self.args, self.stdout,
subprocess.CalledProcessError: Command '/u/ianchen3/methods/MAGUS/magus/tools/mafft/mafft --localpair --maxiterate 1000 --ep 0.123 --quiet --thread 64 --anysymbol /u/ianchen3/project/output/E0/magus_working_dir/decomposition/subset_9.txt > /u/ianchen3/project/output/E0/magus_working_dir/subalignments/temp_subalignment_subset_9.txt' returned non-zero exit status 1.

Command encountered error: /u/ianchen3/methods/MAGUS/magus/tools/mafft/mafft --localpair --maxiterate 1000 --ep 0.123 --quiet --thread 64 --anysymbol /u/ianchen3/project/output/E0/magus_working_dir/decomposition/subset_6.txt > /u/ianchen3/project/output/E0/magus_working_dir/subalignments/temp_subalignment_subset_6.txt
Exit code: 1
Output: /u/ianchen3/methods/MAGUS/magus/tools/mafft/mafftdir/bin/mafft: line 2719: 1598953 Killed                  "$prefix/tbfast" _ -u $unalignlevel $localparam -C $numthreads $seqtype $model -g $lexp -f $lgop -Q $spfactor -h $laof -L $usenaivepairscore $focusarg _ -+ $iterate -W $minimumweight -V "-"$gopdist -s $unalignlevel $legacygapopt $mergearg $termgapopt $outnum $addarg $add2ndhalfarg -C $numthreadstb $rnaopt $weightopt $treeinopt $treeoutopt $distoutopt $seqtype $model -f "-"$gop -Q $spfactor -h $aof $param_fft $localparam $algopt $treealg $scoreoutarg $focusarg < infile > /dev/null 2>> "$progressfile"

Task for /u/ianchen3/project/output/E0/magus_working_dir/subalignments/subalignment_subset_6.txt threw an exception:
Command '/u/ianchen3/methods/MAGUS/magus/tools/mafft/mafft --localpair --maxiterate 1000 --ep 0.123 --quiet --thread 64 --anysymbol /u/ianchen3/project/output/E0/magus_working_dir/decomposition/subset_6.txt > /u/ianchen3/project/output/E0/magus_working_dir/subalignments/temp_subalignment_subset_6.txt' returned non-zero exit status 1.
Traceback (most recent call last):
  File "/u/ianchen3/methods/MAGUS/magus/tasks/task.py", line 59, in run
    func(**self.taskArgs)
  File "/u/ianchen3/methods/MAGUS/magus/tools/external_tools.py", line 19, in runCommand
    runner.check_returncode()
  File "/usr/lib64/python3.9/subprocess.py", line 460, in check_returncode
    raise CalledProcessError(self.returncode, self.args, self.stdout,
subprocess.CalledProcessError: Command '/u/ianchen3/methods/MAGUS/magus/tools/mafft/mafft --localpair --maxiterate 1000 --ep 0.123 --quiet --thread 64 --anysymbol /u/ianchen3/project/output/E0/magus_working_dir/decomposition/subset_6.txt > /u/ianchen3/project/output/E0/magus_working_dir/subalignments/temp_subalignment_subset_6.txt' returned non-zero exit status 1.

Completed a task, output file: /u/ianchen3/project/output/E0/magus_working_dir/subalignments/subalignment_subset_4.txt
Command encountered error: /u/ianchen3/methods/MAGUS/magus/tools/mafft/mafft --localpair --maxiterate 1000 --ep 0.123 --quiet --thread 64 --anysymbol /u/ianchen3/project/output/E0/magus_working_dir/graph/backbone_3_unalign.txt > /u/ianchen3/project/output/E0/magus_working_dir/graph/temp_backbone_3_mafft.txt
Exit code: 1
Output: /u/ianchen3/methods/MAGUS/magus/tools/mafft/mafftdir/bin/mafft: line 2719: 1599755 Killed                  "$prefix/tbfast" _ -u $unalignlevel $localparam -C $numthreads $seqtype $model -g $lexp -f $lgop -Q $spfactor -h $laof -L $usenaivepairscore $focusarg _ -+ $iterate -W $minimumweight -V "-"$gopdist -s $unalignlevel $legacygapopt $mergearg $termgapopt $outnum $addarg $add2ndhalfarg -C $numthreadstb $rnaopt $weightopt $treeinopt $treeoutopt $distoutopt $seqtype $model -f "-"$gop -Q $spfactor -h $aof $param_fft $localparam $algopt $treealg $scoreoutarg $focusarg < infile > /dev/null 2>> "$progressfile"

Task for /u/ianchen3/project/output/E0/magus_working_dir/graph/backbone_3_mafft.txt threw an exception:
Command '/u/ianchen3/methods/MAGUS/magus/tools/mafft/mafft --localpair --maxiterate 1000 --ep 0.123 --quiet --thread 64 --anysymbol /u/ianchen3/project/output/E0/magus_working_dir/graph/backbone_3_unalign.txt > /u/ianchen3/project/output/E0/magus_working_dir/graph/temp_backbone_3_mafft.txt' returned non-zero exit status 1.
Traceback (most recent call last):
  File "/u/ianchen3/methods/MAGUS/magus/tasks/task.py", line 59, in run
    func(**self.taskArgs)
  File "/u/ianchen3/methods/MAGUS/magus/tools/external_tools.py", line 19, in runCommand
    runner.check_returncode()
  File "/usr/lib64/python3.9/subprocess.py", line 460, in check_returncode
    raise CalledProcessError(self.returncode, self.args, self.stdout,
subprocess.CalledProcessError: Command '/u/ianchen3/methods/MAGUS/magus/tools/mafft/mafft --localpair --maxiterate 1000 --ep 0.123 --quiet --thread 64 --anysymbol /u/ianchen3/project/output/E0/magus_working_dir/graph/backbone_3_unalign.txt > /u/ianchen3/project/output/E0/magus_working_dir/graph/temp_backbone_3_mafft.txt' returned non-zero exit status 1.

Command encountered error: /u/ianchen3/methods/MAGUS/magus/tools/mafft/mafft --localpair --maxiterate 1000 --ep 0.123 --quiet --thread 64 --anysymbol /u/ianchen3/project/output/E0/magus_working_dir/graph/backbone_10_unalign.txt > /u/ianchen3/project/output/E0/magus_working_dir/graph/temp_backbone_10_mafft.txt
Exit code: 1
Output: /u/ianchen3/methods/MAGUS/magus/tools/mafft/mafftdir/bin/mafft: line 2719: 1603343 Killed                  "$prefix/tbfast" _ -u $unalignlevel $localparam -C $numthreads $seqtype $model -g $lexp -f $lgop -Q $spfactor -h $laof -L $usenaivepairscore $focusarg _ -+ $iterate -W $minimumweight -V "-"$gopdist -s $unalignlevel $legacygapopt $mergearg $termgapopt $outnum $addarg $add2ndhalfarg -C $numthreadstb $rnaopt $weightopt $treeinopt $treeoutopt $distoutopt $seqtype $model -f "-"$gop -Q $spfactor -h $aof $param_fft $localparam $algopt $treealg $scoreoutarg $focusarg < infile > /dev/null 2>> "$progressfile"

Task for /u/ianchen3/project/output/E0/magus_working_dir/graph/backbone_10_mafft.txt threw an exception:
Command '/u/ianchen3/methods/MAGUS/magus/tools/mafft/mafft --localpair --maxiterate 1000 --ep 0.123 --quiet --thread 64 --anysymbol /u/ianchen3/project/output/E0/magus_working_dir/graph/backbone_10_unalign.txt > /u/ianchen3/project/output/E0/magus_working_dir/graph/temp_backbone_10_mafft.txt' returned non-zero exit status 1.
Traceback (most recent call last):
  File "/u/ianchen3/methods/MAGUS/magus/tasks/task.py", line 59, in run
    func(**self.taskArgs)
  File "/u/ianchen3/methods/MAGUS/magus/tools/external_tools.py", line 19, in runCommand
    runner.check_returncode()
  File "/usr/lib64/python3.9/subprocess.py", line 460, in check_returncode
    raise CalledProcessError(self.returncode, self.args, self.stdout,
subprocess.CalledProcessError: Command '/u/ianchen3/methods/MAGUS/magus/tools/mafft/mafft --localpair --maxiterate 1000 --ep 0.123 --quiet --thread 64 --anysymbol /u/ianchen3/project/output/E0/magus_working_dir/graph/backbone_10_unalign.txt > /u/ianchen3/project/output/E0/magus_working_dir/graph/temp_backbone_10_mafft.txt' returned non-zero exit status 1.

Completed a task, output file: /u/ianchen3/project/output/E0/magus_working_dir/subalignments/subalignment_subset_12.txt
Completed a task, output file: /u/ianchen3/project/output/E0/magus_working_dir/subalignments/subalignment_subset_3.txt
Completed a task, output file: /u/ianchen3/project/output/E0/magus_working_dir/subalignments/subalignment_subset_2.txt
Completed a task, output file: /u/ianchen3/project/output/E0/magus_working_dir/graph/backbone_1_mafft.txt
Traceback (most recent call last):
  File "/u/ianchen3/methods/magus", line 152, in <module>
    main()
  File "/u/ianchen3/methods/magus", line 42, in main
    manager.stopTaskManager()
  File "/u/ianchen3/methods/MAGUS/magus/tasks/manager.py", line 71, in stopTaskManager
    TaskManager.managerFuture.result()
  File "/usr/lib64/python3.9/concurrent/futures/_base.py", line 439, in result
    return self.__get_result()
  File "/usr/lib64/python3.9/concurrent/futures/_base.py", line 391, in __get_result
    raise self._exception
  File "/u/ianchen3/methods/magus", line 37, in main
    mainAlignmentTask()
  File "/u/ianchen3/methods/MAGUS/magus/align/aligner.py", line 30, in mainAlignmentTask
    task.awaitTask()
  File "/u/ianchen3/methods/MAGUS/magus/tasks/task.py", line 47, in awaitTask
    awaitTasks([self])
  File "/u/ianchen3/methods/MAGUS/magus/tasks/task.py", line 94, in awaitTasks
    controller.awaitTasks(tasks)
  File "/u/ianchen3/methods/MAGUS/magus/tasks/controller.py", line 34, in awaitTasks
    observeTaskManager()
  File "/u/ianchen3/methods/MAGUS/magus/tasks/controller.py", line 53, in observeTaskManager
    runTask(task)
  File "/u/ianchen3/methods/MAGUS/magus/tasks/manager.py", line 220, in runTask
    task.run()     
  File "/u/ianchen3/methods/MAGUS/magus/tasks/task.py", line 59, in run
    func(**self.taskArgs)
  File "/u/ianchen3/methods/MAGUS/magus/align/aligner.py", line 52, in runAlignmentTask
    mergeSubalignments(context)
  File "/u/ianchen3/methods/MAGUS/magus/align/merge/merger.py", line 23, in mergeSubalignments
    buildGraph(context)
  File "/u/ianchen3/methods/MAGUS/magus/align/merge/graph_build/graph_builder.py", line 37, in buildGraph
    context.awaitSubalignments()
  File "/u/ianchen3/methods/MAGUS/magus/align/alignment_context.py", line 52, in awaitSubalignments
    task.awaitTasks(self.subalignmentTasks)
  File "/u/ianchen3/methods/MAGUS/magus/tasks/task.py", line 94, in awaitTasks
    controller.awaitTasks(tasks)
  File "/u/ianchen3/methods/MAGUS/magus/tasks/controller.py", line 34, in awaitTasks
    observeTaskManager()
  File "/u/ianchen3/methods/MAGUS/magus/tasks/controller.py", line 50, in observeTaskManager
    checkTaskManager()
  File "/u/ianchen3/methods/MAGUS/magus/tasks/controller.py", line 60, in checkTaskManager
    TaskManager.managerFuture.result()
  File "/usr/lib64/python3.9/concurrent/futures/_base.py", line 439, in result
    return self.__get_result()
  File "/usr/lib64/python3.9/concurrent/futures/_base.py", line 391, in __get_result
    raise self._exception
  File "/usr/lib64/python3.9/concurrent/futures/thread.py", line 58, in run
    result = self.fn(*self.args, **self.kwargs)
  File "/u/ianchen3/methods/MAGUS/magus/tasks/manager.py", line 83, in runTaskManager
    dealWithErrors()
  File "/u/ianchen3/methods/MAGUS/magus/tasks/manager.py", line 96, in dealWithErrors
    task.future.result()
  File "/usr/lib64/python3.9/concurrent/futures/_base.py", line 439, in result
    return self.__get_result()
  File "/usr/lib64/python3.9/concurrent/futures/_base.py", line 391, in __get_result
    raise self._exception
  File "/usr/lib64/python3.9/concurrent/futures/thread.py", line 58, in run
    result = self.fn(*self.args, **self.kwargs)
  File "/u/ianchen3/methods/MAGUS/magus/tasks/manager.py", line 220, in runTask
    task.run()     
  File "/u/ianchen3/methods/MAGUS/magus/tasks/task.py", line 59, in run
    func(**self.taskArgs)
  File "/u/ianchen3/methods/MAGUS/magus/tools/external_tools.py", line 19, in runCommand
    runner.check_returncode()
  File "/usr/lib64/python3.9/subprocess.py", line 460, in check_returncode
    raise CalledProcessError(self.returncode, self.args, self.stdout,
subprocess.CalledProcessError: Command '/u/ianchen3/methods/MAGUS/magus/tools/mafft/mafft --localpair --maxiterate 1000 --ep 0.123 --quiet --thread 64 --anysymbol /u/ianchen3/project/output/E0/magus_working_dir/graph/backbone_6_unalign.txt > /u/ianchen3/project/output/E0/magus_working_dir/graph/temp_backbone_6_mafft.txt' returned non-zero exit status 1.
FastTree Version 2.1.11 SSE3
Alignment: standard input
Nucleotide distances: Jukes-Cantor Joins: balanced Support: Local boot 1000
Search: Normal +NNI +SPR (2 rounds range 10) (no ML-NNI)
TopHits: 1.00*sqrtN close=default refresh=0.80
      0.16 seconds: Top hits for    127 of    999 seqs (at seed    100)
      0.29 seconds: Top hits for    285 of    999 seqs (at seed    200)
      0.40 seconds: Top hits for    412 of    999 seqs (at seed    300)
      0.51 seconds: Top hits for    562 of    999 seqs (at seed    400)
      0.65 seconds: Top hits for    715 of    999 seqs (at seed    600)
      0.81 seconds: Top hits for    882 of    999 seqs (at seed    800)
      0.92 seconds: Checking top hits for      1 of    999 seqs
      1.09 seconds: Joined    100 of    996
      1.37 seconds: Joined    200 of    996
      1.80 seconds: Joined    300 of    996
      2.29 seconds: Joined    400 of    996
      2.83 seconds: Joined    500 of    996
      3.42 seconds: Joined    600 of    996
      3.90 seconds: Joined    700 of    996
      4.35 seconds: Joined    800 of    996
      4.81 seconds: Joined    900 of    996
Initial topology in 5.10 seconds
Refining topology: 40 rounds ME-NNIs, 2 rounds ME-SPRs, 0 rounds ML-NNIs
      5.09 seconds: ME NNI round 1 of 40, 1 of 997 splits
      5.21 seconds: ME NNI round 1 of 40, 501 of 997 splits, 59 changes (max delta 0.170)
      5.33 seconds: ME NNI round 2 of 40, 1 of 997 splits
      5.45 seconds: ME NNI round 2 of 40, 501 of 997 splits, 17 changes (max delta 0.094)
      5.57 seconds: ME NNI round 3 of 40, 1 of 997 splits
      5.69 seconds: ME NNI round 3 of 40, 501 of 997 splits, 14 changes (max delta 0.038)
      6.16 seconds: SPR round   1 of   2, 101 of 1996 nodes
      6.57 seconds: SPR round   1 of   2, 201 of 1996 nodes
      7.01 seconds: SPR round   1 of   2, 301 of 1996 nodes
      7.42 seconds: SPR round   1 of   2, 401 of 1996 nodes
      7.84 seconds: SPR round   1 of   2, 501 of 1996 nodes
      8.30 seconds: SPR round   1 of   2, 601 of 1996 nodes
      8.68 seconds: SPR round   1 of   2, 701 of 1996 nodes
      9.08 seconds: SPR round   1 of   2, 801 of 1996 nodes
      9.50 seconds: SPR round   1 of   2, 901 of 1996 nodes
      9.92 seconds: SPR round   1 of   2, 1001 of 1996 nodes
     10.35 seconds: SPR round   1 of   2, 1101 of 1996 nodes
     10.76 seconds: SPR round   1 of   2, 1201 of 1996 nodes
     11.16 seconds: SPR round   1 of   2, 1301 of 1996 nodes
     11.58 seconds: SPR round   1 of   2, 1401 of 1996 nodes
     11.99 seconds: SPR round   1 of   2, 1501 of 1996 nodes
     12.41 seconds: SPR round   1 of   2, 1601 of 1996 nodes
     12.85 seconds: SPR round   1 of   2, 1701 of 1996 nodes
     13.32 seconds: SPR round   1 of   2, 1801 of 1996 nodes
     13.73 seconds: SPR round   1 of   2, 1901 of 1996 nodes
     14.15 seconds: ME NNI round 14 of 40, 1 of 997 splits
     14.26 seconds: ME NNI round 14 of 40, 501 of 997 splits, 3 changes (max delta 0.015)
     14.38 seconds: ME NNI round 15 of 40, 1 of 997 splits
     14.49 seconds: ME NNI round 15 of 40, 501 of 997 splits, 2 changes (max delta 0.010)
     14.61 seconds: ME NNI round 16 of 40, 1 of 997 splits
     15.04 seconds: SPR round   2 of   2, 101 of 1996 nodes
     15.43 seconds: SPR round   2 of   2, 201 of 1996 nodes
     15.89 seconds: SPR round   2 of   2, 301 of 1996 nodes
     16.30 seconds: SPR round   2 of   2, 401 of 1996 nodes
     16.72 seconds: SPR round   2 of   2, 501 of 1996 nodes
     17.20 seconds: SPR round   2 of   2, 601 of 1996 nodes
     17.58 seconds: SPR round   2 of   2, 701 of 1996 nodes
     17.99 seconds: SPR round   2 of   2, 801 of 1996 nodes
     18.37 seconds: SPR round   2 of   2, 901 of 1996 nodes
     18.79 seconds: SPR round   2 of   2, 1001 of 1996 nodes
     19.20 seconds: SPR round   2 of   2, 1101 of 1996 nodes
     19.62 seconds: SPR round   2 of   2, 1201 of 1996 nodes
     20.06 seconds: SPR round   2 of   2, 1301 of 1996 nodes
     20.50 seconds: SPR round   2 of   2, 1401 of 1996 nodes
     20.89 seconds: SPR round   2 of   2, 1501 of 1996 nodes
     21.35 seconds: SPR round   2 of   2, 1601 of 1996 nodes
     21.76 seconds: SPR round   2 of   2, 1701 of 1996 nodes
     22.23 seconds: SPR round   2 of   2, 1801 of 1996 nodes
     22.68 seconds: SPR round   2 of   2, 1901 of 1996 nodes
     23.09 seconds: ME NNI round 27 of 40, 1 of 997 splits
     23.21 seconds: ME NNI round 27 of 40, 501 of 997 splits, 0 changes
Total branch-length 396.546 after 23.59 sec
     26.66 seconds: Local bootstrap for    100 of    996 internal splits
     29.52 seconds: Local bootstrap for    200 of    996 internal splits
     32.37 seconds: Local bootstrap for    300 of    996 internal splits
     35.23 seconds: Local bootstrap for    400 of    996 internal splits
     38.09 seconds: Local bootstrap for    500 of    996 internal splits
     40.95 seconds: Local bootstrap for    600 of    996 internal splits
     43.80 seconds: Local bootstrap for    700 of    996 internal splits
     46.66 seconds: Local bootstrap for    800 of    996 internal splits
     49.52 seconds: Local bootstrap for    900 of    996 internal splits
Total time: 52.26 seconds Unique: 999/1000 Bad splits: 0/996
/var/spool/slurmd/job1511685/slurm_script: line 56: /u/ianchen3/project/output/E0/MagusAln.fasta: No such file or directory
FastTree Version 2.1.11 SSE3
Alignment: standard input
Nucleotide distances: Jukes-Cantor Joins: balanced Support: SH-like 1000
Search: Normal +NNI +SPR (2 rounds range 10) +ML-NNI opt-each=1
TopHits: 1.00*sqrtN close=default refresh=0.80
ML Model: Generalized Time-Reversible, CAT approximation with 20 rate categories
      0.16 seconds: Top hits for    127 of    999 seqs (at seed    100)
      0.30 seconds: Top hits for    285 of    999 seqs (at seed    200)
      0.40 seconds: Top hits for    412 of    999 seqs (at seed    300)
      0.52 seconds: Top hits for    562 of    999 seqs (at seed    400)
      0.66 seconds: Top hits for    715 of    999 seqs (at seed    600)
      0.83 seconds: Top hits for    882 of    999 seqs (at seed    800)
      0.94 seconds: Checking top hits for      1 of    999 seqs
      1.11 seconds: Joined    100 of    996
      1.39 seconds: Joined    200 of    996
      1.81 seconds: Joined    300 of    996
      2.31 seconds: Joined    400 of    996
      2.84 seconds: Joined    500 of    996
      3.43 seconds: Joined    600 of    996
      3.91 seconds: Joined    700 of    996
      4.37 seconds: Joined    800 of    996
      4.82 seconds: Joined    900 of    996
Initial topology in 5.11 seconds
Refining topology: 40 rounds ME-NNIs, 2 rounds ME-SPRs, 20 rounds ML-NNIs
      5.11 seconds: ME NNI round 1 of 40, 1 of 997 splits
      5.23 seconds: ME NNI round 1 of 40, 501 of 997 splits, 59 changes (max delta 0.170)
      5.35 seconds: ME NNI round 2 of 40, 1 of 997 splits
      5.46 seconds: ME NNI round 2 of 40, 501 of 997 splits, 17 changes (max delta 0.094)
      5.58 seconds: ME NNI round 3 of 40, 1 of 997 splits
      5.70 seconds: ME NNI round 3 of 40, 501 of 997 splits, 14 changes (max delta 0.038)
      6.17 seconds: SPR round   1 of   2, 101 of 1996 nodes
      6.58 seconds: SPR round   1 of   2, 201 of 1996 nodes
      7.03 seconds: SPR round   1 of   2, 301 of 1996 nodes
      7.44 seconds: SPR round   1 of   2, 401 of 1996 nodes
      7.86 seconds: SPR round   1 of   2, 501 of 1996 nodes
      8.31 seconds: SPR round   1 of   2, 601 of 1996 nodes
      8.69 seconds: SPR round   1 of   2, 701 of 1996 nodes
      9.10 seconds: SPR round   1 of   2, 801 of 1996 nodes
      9.51 seconds: SPR round   1 of   2, 901 of 1996 nodes
      9.93 seconds: SPR round   1 of   2, 1001 of 1996 nodes
     10.36 seconds: SPR round   1 of   2, 1101 of 1996 nodes
     10.77 seconds: SPR round   1 of   2, 1201 of 1996 nodes
     11.17 seconds: SPR round   1 of   2, 1301 of 1996 nodes
     11.59 seconds: SPR round   1 of   2, 1401 of 1996 nodes
     12.00 seconds: SPR round   1 of   2, 1501 of 1996 nodes
     12.42 seconds: SPR round   1 of   2, 1601 of 1996 nodes
     12.87 seconds: SPR round   1 of   2, 1701 of 1996 nodes
     13.33 seconds: SPR round   1 of   2, 1801 of 1996 nodes
     13.74 seconds: SPR round   1 of   2, 1901 of 1996 nodes
     14.16 seconds: ME NNI round 14 of 40, 1 of 997 splits
     14.28 seconds: ME NNI round 14 of 40, 501 of 997 splits, 3 changes (max delta 0.015)
     14.39 seconds: ME NNI round 15 of 40, 1 of 997 splits
     14.51 seconds: ME NNI round 15 of 40, 501 of 997 splits, 2 changes (max delta 0.010)
     14.62 seconds: ME NNI round 16 of 40, 1 of 997 splits
     15.05 seconds: SPR round   2 of   2, 101 of 1996 nodes
     15.44 seconds: SPR round   2 of   2, 201 of 1996 nodes
     15.90 seconds: SPR round   2 of   2, 301 of 1996 nodes
     16.31 seconds: SPR round   2 of   2, 401 of 1996 nodes
     16.73 seconds: SPR round   2 of   2, 501 of 1996 nodes
     17.20 seconds: SPR round   2 of   2, 601 of 1996 nodes
     17.59 seconds: SPR round   2 of   2, 701 of 1996 nodes
     17.99 seconds: SPR round   2 of   2, 801 of 1996 nodes
     18.37 seconds: SPR round   2 of   2, 901 of 1996 nodes
     18.79 seconds: SPR round   2 of   2, 1001 of 1996 nodes
     19.21 seconds: SPR round   2 of   2, 1101 of 1996 nodes
     19.62 seconds: SPR round   2 of   2, 1201 of 1996 nodes
     20.06 seconds: SPR round   2 of   2, 1301 of 1996 nodes
     20.50 seconds: SPR round   2 of   2, 1401 of 1996 nodes
     20.89 seconds: SPR round   2 of   2, 1501 of 1996 nodes
     21.35 seconds: SPR round   2 of   2, 1601 of 1996 nodes
     21.76 seconds: SPR round   2 of   2, 1701 of 1996 nodes
     22.23 seconds: SPR round   2 of   2, 1801 of 1996 nodes
     22.67 seconds: SPR round   2 of   2, 1901 of 1996 nodes
     23.09 seconds: ME NNI round 27 of 40, 1 of 997 splits
     23.21 seconds: ME NNI round 27 of 40, 501 of 997 splits, 0 changes
Total branch-length 396.546 after 23.59 sec
     23.63 seconds: ML Lengths 1 of 997 splits
     23.88 seconds: ML Lengths 101 of 997 splits
     24.12 seconds: ML Lengths 201 of 997 splits
     24.37 seconds: ML Lengths 301 of 997 splits
     24.62 seconds: ML Lengths 401 of 997 splits
     24.87 seconds: ML Lengths 501 of 997 splits
     25.11 seconds: ML Lengths 601 of 997 splits
     25.36 seconds: ML Lengths 701 of 997 splits
     25.61 seconds: ML Lengths 801 of 997 splits
     25.86 seconds: ML Lengths 901 of 997 splits
     26.10 seconds: ML NNI round 1 of 20, 1 of 997 splits
     26.99 seconds: ML NNI round 1 of 20, 101 of 997 splits, 7 changes (max delta 4.442)
     27.90 seconds: ML NNI round 1 of 20, 201 of 997 splits, 18 changes (max delta 4.442)
     28.79 seconds: ML NNI round 1 of 20, 301 of 997 splits, 22 changes (max delta 4.442)
     29.70 seconds: ML NNI round 1 of 20, 401 of 997 splits, 30 changes (max delta 4.586)
     30.54 seconds: ML NNI round 1 of 20, 501 of 997 splits, 36 changes (max delta 5.230)
     31.45 seconds: ML NNI round 1 of 20, 601 of 997 splits, 44 changes (max delta 5.230)
     32.34 seconds: ML NNI round 1 of 20, 701 of 997 splits, 49 changes (max delta 5.230)
     33.21 seconds: ML NNI round 1 of 20, 801 of 997 splits, 55 changes (max delta 5.230)
     34.14 seconds: ML NNI round 1 of 20, 901 of 997 splits, 67 changes (max delta 5.230)
ML-NNI round 1: LogLk = -1052843.912 NNIs 73 max delta 5.23 Time 35.04
     35.03 seconds: Optimizing GTR model, step 1 of 12
     36.00 seconds: Optimizing GTR model, step 2 of 12
     38.31 seconds: Optimizing GTR model, step 4 of 12
     40.47 seconds: Optimizing GTR model, step 6 of 12
     41.34 seconds: Optimizing GTR model, step 7 of 12
     42.06 seconds: Optimizing GTR model, step 8 of 12
     42.86 seconds: Optimizing GTR model, step 9 of 12
     43.58 seconds: Optimizing GTR model, step 10 of 12
     44.30 seconds: Optimizing GTR model, step 11 of 12
     45.01 seconds: Optimizing GTR model, step 12 of 12
GTR Frequencies: 0.2571 0.2428 0.2453 0.2548
GTR rates(ac ag at cg ct gt) 1.2378 2.2782 0.6068 1.2562 2.8230 1.0000
     45.87 seconds: ML Lengths 1 of 997 splits
     46.15 seconds: ML Lengths 101 of 997 splits
     46.44 seconds: ML Lengths 201 of 997 splits
     46.72 seconds: ML Lengths 301 of 997 splits
     47.01 seconds: ML Lengths 401 of 997 splits
     47.29 seconds: ML Lengths 501 of 997 splits
     47.58 seconds: ML Lengths 601 of 997 splits
     47.86 seconds: ML Lengths 701 of 997 splits
     48.14 seconds: ML Lengths 801 of 997 splits
     48.42 seconds: ML Lengths 901 of 997 splits
     48.79 seconds: Site likelihoods with rate category 1 of 20
     48.96 seconds: Site likelihoods with rate category 3 of 20
     49.13 seconds: Site likelihoods with rate category 5 of 20
     49.30 seconds: Site likelihoods with rate category 7 of 20
     49.46 seconds: Site likelihoods with rate category 9 of 20
     49.63 seconds: Site likelihoods with rate category 11 of 20
     49.80 seconds: Site likelihoods with rate category 13 of 20
     49.97 seconds: Site likelihoods with rate category 15 of 20
     50.14 seconds: Site likelihoods with rate category 17 of 20
     50.30 seconds: Site likelihoods with rate category 19 of 20
Switched to using 20 rate categories (CAT approximation)
Rate categories were divided by 0.902 so that average rate = 1.0
CAT-based log-likelihoods may not be comparable across runs
     50.50 seconds: ML NNI round 2 of 20, 1 of 997 splits
     51.06 seconds: ML NNI round 2 of 20, 101 of 997 splits, 10 changes (max delta 6.680)
     51.64 seconds: ML NNI round 2 of 20, 201 of 997 splits, 21 changes (max delta 7.971)
     52.18 seconds: ML NNI round 2 of 20, 301 of 997 splits, 29 changes (max delta 7.971)
     52.71 seconds: ML NNI round 2 of 20, 401 of 997 splits, 38 changes (max delta 7.971)
     53.27 seconds: ML NNI round 2 of 20, 501 of 997 splits, 46 changes (max delta 7.971)
     53.95 seconds: ML NNI round 2 of 20, 601 of 997 splits, 56 changes (max delta 17.232)
     54.51 seconds: ML NNI round 2 of 20, 701 of 997 splits, 67 changes (max delta 17.232)
     55.13 seconds: ML NNI round 2 of 20, 801 of 997 splits, 82 changes (max delta 17.232)
     55.73 seconds: ML NNI round 2 of 20, 901 of 997 splits, 95 changes (max delta 17.232)
ML-NNI round 2: LogLk = -958221.775 NNIs 106 max delta 17.23 Time 56.32
     56.31 seconds: ML NNI round 3 of 20, 1 of 997 splits
     57.03 seconds: ML NNI round 3 of 20, 101 of 997 splits, 4 changes (max delta 2.877)
     57.77 seconds: ML NNI round 3 of 20, 201 of 997 splits, 7 changes (max delta 2.877)
     58.49 seconds: ML NNI round 3 of 20, 301 of 997 splits, 12 changes (max delta 6.584)
     59.30 seconds: ML NNI round 3 of 20, 401 of 997 splits, 20 changes (max delta 6.584)
     59.93 seconds: ML NNI round 3 of 20, 501 of 997 splits, 23 changes (max delta 7.977)
ML-NNI round 3: LogLk = -958039.729 NNIs 29 max delta 12.12 Time 60.67
     60.66 seconds: ML NNI round 4 of 20, 1 of 997 splits
     61.28 seconds: ML NNI round 4 of 20, 101 of 997 splits, 1 changes (max delta 0.171)
     61.92 seconds: ML NNI round 4 of 20, 201 of 997 splits, 1 changes (max delta 0.171)
     62.46 seconds: ML NNI round 4 of 20, 301 of 997 splits, 2 changes (max delta 0.171)
     63.00 seconds: ML NNI round 4 of 20, 401 of 997 splits, 3 changes (max delta 0.171)
ML-NNI round 4: LogLk = -958035.890 NNIs 4 max delta 0.47 Time 63.14
     63.14 seconds: ML NNI round 5 of 20, 1 of 997 splits
     63.75 seconds: ML NNI round 5 of 20, 101 of 997 splits, 1 changes (max delta 0.258)
ML-NNI round 5: LogLk = -958035.518 NNIs 1 max delta 0.26 Time 64.01
     64.00 seconds: ML NNI round 6 of 20, 1 of 997 splits
ML-NNI round 6: LogLk = -958030.398 NNIs 0 max delta 0.00 Time 64.21
Turning off heuristics for final round of ML NNIs (converged)
     64.21 seconds: ML NNI round 7 of 20, 1 of 997 splits
     66.33 seconds: ML NNI round 7 of 20, 201 of 997 splits, 0 changes
     68.50 seconds: ML NNI round 7 of 20, 401 of 997 splits, 4 changes (max delta 0.630)
     70.65 seconds: ML NNI round 7 of 20, 601 of 997 splits, 7 changes (max delta 6.683)
     72.84 seconds: ML NNI round 7 of 20, 801 of 997 splits, 10 changes (max delta 6.683)
ML-NNI round 7: LogLk = -956640.818 NNIs 12 max delta 6.68 Time 74.99 (final)
     74.99 seconds: ML Lengths 1 of 997 splits
     75.27 seconds: ML Lengths 101 of 997 splits
     75.55 seconds: ML Lengths 201 of 997 splits
     75.82 seconds: ML Lengths 301 of 997 splits
     76.10 seconds: ML Lengths 401 of 997 splits
     76.38 seconds: ML Lengths 501 of 997 splits
     76.66 seconds: ML Lengths 601 of 997 splits
     76.93 seconds: ML Lengths 701 of 997 splits
     77.21 seconds: ML Lengths 801 of 997 splits
     77.49 seconds: ML Lengths 901 of 997 splits
Optimize all lengths: LogLk = -956552.651 Time 77.79
     79.07 seconds: ML split tests for    100 of    996 internal splits
     80.34 seconds: ML split tests for    200 of    996 internal splits
     81.60 seconds: ML split tests for    300 of    996 internal splits
     82.86 seconds: ML split tests for    400 of    996 internal splits
     84.12 seconds: ML split tests for    500 of    996 internal splits
     85.39 seconds: ML split tests for    600 of    996 internal splits
     86.66 seconds: ML split tests for    700 of    996 internal splits
     87.91 seconds: ML split tests for    800 of    996 internal splits
     89.19 seconds: ML split tests for    900 of    996 internal splits
     90.49 seconds: Site likelihoods with rate category 1 of 20
     90.66 seconds: Site likelihoods with rate category 3 of 20
     90.84 seconds: Site likelihoods with rate category 5 of 20
     91.01 seconds: Site likelihoods with rate category 7 of 20
     91.18 seconds: Site likelihoods with rate category 9 of 20
     91.35 seconds: Site likelihoods with rate category 11 of 20
     91.52 seconds: Site likelihoods with rate category 13 of 20
     91.69 seconds: Site likelihoods with rate category 15 of 20
     91.87 seconds: Site likelihoods with rate category 17 of 20
     92.04 seconds: Site likelihoods with rate category 19 of 20
     92.18 seconds: Optimizing alpha round 1
Gamma(20) LogLk = -958268.980 alpha = 1.424 rescaling lengths by 1.888
Total time: 92.24 seconds Unique: 999/1000 Bad splits: 3/996 Worst delta-LogLk 0.140
/var/spool/slurmd/job1511685/slurm_script: line 62: /u/ianchen3/project/output/E0/MagusAln.fasta: No such file or directory
Reference alignment: /u/ianchen3/project/data/ROSE/1000M1/R0/rose.aln.true.fasta ...
/u/ianchen3/project/output/E0/MagusAln.fasta (No such file or directory)
Number of shared homologies: 0
Number of homologies in the reference alignment: 0
Number of homologies in the estimated alignment: 0
Number of correctly aligned columns: 0
Number of aligned columns in ref. alignment: 0
Number of aligned columns in est. alignment: 0
Time to compute (seconds): 0.003
Traceback (most recent call last):
  File "/u/ianchen3/scripts/robinson_foulds.py", line 23, in <module>
    main()
  File "/u/ianchen3/scripts/robinson_foulds.py", line 9, in main
    with open(sys.argv[1], "r") as f:
FileNotFoundError: [Errno 2] No such file or directory: '/u/ianchen3/project/output/E0/EstAln_FastTreeNoML.tree'
Traceback (most recent call last):
  File "/u/ianchen3/scripts/robinson_foulds.py", line 23, in <module>
    main()
  File "/u/ianchen3/scripts/robinson_foulds.py", line 9, in main
    with open(sys.argv[1], "r") as f:
FileNotFoundError: [Errno 2] No such file or directory: '/u/ianchen3/project/output/E0/EstAln_FastTreeML.tree'
slurmstepd: error: Detected 7 oom_kill events in StepId=1511685.batch. Some of the step tasks have been OOM Killed.
